This is XeTeX, Version 3.14159265-2.6-0.99998 (TeX Live 2017/W32TeX) (preloaded format=xelatex 2017.7.22)  16 SEP 2019 21:46
entering extended mode
 restricted \write18 enabled.
 %&-line parsing enabled.
**./sample.tex
(./sample.tex
LaTeX2e <2017-04-15>
Babel <3.10> and hyphenation patterns for 84 language(s) loaded.
(c:/texlive/2017/texmf-dist/tex/latex/base/article.cls
Document Class: article 2014/09/29 v1.4h Standard LaTeX document class
(c:/texlive/2017/texmf-dist/tex/latex/base/size12.clo
File: size12.clo 2014/09/29 v1.4h Standard LaTeX file (size option)
)
\c@part=\count79
\c@section=\count80
\c@subsection=\count81
\c@subsubsection=\count82
\c@paragraph=\count83
\c@subparagraph=\count84
\c@figure=\count85
\c@table=\count86
\abovecaptionskip=\skip41
\belowcaptionskip=\skip42
\bibindent=\dimen102
)
(c:/texlive/2017/texmf-dist/tex/latex/geometry/geometry.sty
Package: geometry 2010/09/12 v5.6 Page Geometry

(c:/texlive/2017/texmf-dist/tex/latex/graphics/keyval.sty
Package: keyval 2014/10/28 v1.15 key=value parser (DPC)
\KV@toks@=\toks14
)
(c:/texlive/2017/texmf-dist/tex/generic/oberdiek/ifpdf.sty
Package: ifpdf 2017/03/15 v3.2 Provides the ifpdf switch
)
(c:/texlive/2017/texmf-dist/tex/generic/oberdiek/ifvtex.sty
Package: ifvtex 2016/05/16 v1.6 Detect VTeX and its facilities (HO)
Package ifvtex Info: VTeX not detected.
)
(c:/texlive/2017/texmf-dist/tex/generic/ifxetex/ifxetex.sty
Package: ifxetex 2010/09/12 v0.6 Provides ifxetex conditional
)
\Gm@cnth=\count87
\Gm@cntv=\count88
\c@Gm@tempcnt=\count89
\Gm@bindingoffset=\dimen103
\Gm@wd@mp=\dimen104
\Gm@odd@mp=\dimen105
\Gm@even@mp=\dimen106
\Gm@layoutwidth=\dimen107
\Gm@layoutheight=\dimen108
\Gm@layouthoffset=\dimen109
\Gm@layoutvoffset=\dimen110
\Gm@dimlist=\toks15
)
(c:/texlive/2017/texmf-dist/tex/latex/fancyhdr/fancyhdr.sty
Package: fancyhdr 2016/09/06 3.8 Extensive control of page headers and footers
\fancy@headwidth=\skip43
\f@ncyO@elh=\skip44
\f@ncyO@erh=\skip45
\f@ncyO@olh=\skip46
\f@ncyO@orh=\skip47
\f@ncyO@elf=\skip48
\f@ncyO@erf=\skip49
\f@ncyO@olf=\skip50
\f@ncyO@orf=\skip51
)
(c:/texlive/2017/texmf-dist/tex/latex/graphics/graphicx.sty
Package: graphicx 2014/10/28 v1.0g Enhanced LaTeX Graphics (DPC,SPQR)

(c:/texlive/2017/texmf-dist/tex/latex/graphics/graphics.sty
Package: graphics 2017/04/14 v1.1b Standard LaTeX Graphics (DPC,SPQR)

(c:/texlive/2017/texmf-dist/tex/latex/graphics/trig.sty
Package: trig 2016/01/03 v1.10 sin cos tan (DPC)
)
(c:/texlive/2017/texmf-dist/tex/latex/graphics-cfg/graphics.cfg
File: graphics.cfg 2016/06/04 v1.11 sample graphics configuration
)
Package graphics Info: Driver file: xetex.def on input line 99.

(c:/texlive/2017/texmf-dist/tex/latex/graphics-def/xetex.def
File: xetex.def 2016/07/11 v4.10 LaTeX color/graphics driver for XeTeX (L3/RRM/
JK)
))
\Gin@req@height=\dimen111
\Gin@req@width=\dimen112
)
(c:/texlive/2017/texmf-dist/tex/latex/xcolor/xcolor.sty
Package: xcolor 2016/05/11 v2.12 LaTeX color extensions (UK)

(c:/texlive/2017/texmf-dist/tex/latex/graphics-cfg/color.cfg
File: color.cfg 2016/01/02 v1.6 sample color configuration
)
Package xcolor Info: Driver file: xetex.def on input line 225.

(c:/texlive/2017/texmf-dist/tex/latex/colortbl/colortbl.sty
Package: colortbl 2012/02/13 v1.0a Color table columns (DPC)

(c:/texlive/2017/texmf-dist/tex/latex/tools/array.sty
Package: array 2016/10/06 v2.4d Tabular extension package (FMi)
\col@sep=\dimen113
\extrarowheight=\dimen114
\NC@list=\toks16
\extratabsurround=\skip52
\backup@length=\skip53
)
\everycr=\toks17
\minrowclearance=\skip54
)
\rownum=\count90
Package xcolor Info: Model `cmy' substituted by `cmy0' on input line 1348.
Package xcolor Info: Model `RGB' extended on input line 1364.
Package xcolor Info: Model `HTML' substituted by `rgb' on input line 1366.
Package xcolor Info: Model `Hsb' substituted by `hsb' on input line 1367.
Package xcolor Info: Model `tHsb' substituted by `hsb' on input line 1368.
Package xcolor Info: Model `HSB' substituted by `hsb' on input line 1369.
Package xcolor Info: Model `Gray' substituted by `gray' on input line 1370.
Package xcolor Info: Model `wave' substituted by `hsb' on input line 1371.
)
(c:/texlive/2017/texmf-dist/tex/xelatex/xepersian/xepersian.sty
Package: xepersian 2017/05/06 v18.6 Persian typesetting in XeLaTeX

(c:/texlive/2017/texmf-dist/tex/latex/fontspec/fontspec.sty
(c:/texlive/2017/texmf-dist/tex/latex/l3kernel/expl3.sty
Package: expl3 2017/05/13 L3 programming layer (loader) 

(c:/texlive/2017/texmf-dist/tex/latex/l3kernel/expl3-code.tex
Package: expl3 2017/05/13 L3 programming layer (code)
\c_max_int=\count91
\l_tmpa_int=\count92
\l_tmpb_int=\count93
\g_tmpa_int=\count94
\g_tmpb_int=\count95
\g__prg_map_int=\count96
\c_log_iow=\count97
\l_iow_line_count_int=\count98
\l__iow_line_target_int=\count99
\l__iow_one_indent_int=\count100
\l__iow_indent_int=\count101
\c_zero_dim=\dimen115
\c_max_dim=\dimen116
\l_tmpa_dim=\dimen117
\l_tmpb_dim=\dimen118
\g_tmpa_dim=\dimen119
\g_tmpb_dim=\dimen120
\c_zero_skip=\skip55
\c_max_skip=\skip56
\l_tmpa_skip=\skip57
\l_tmpb_skip=\skip58
\g_tmpa_skip=\skip59
\g_tmpb_skip=\skip60
\c_zero_muskip=\muskip10
\c_max_muskip=\muskip11
\l_tmpa_muskip=\muskip12
\l_tmpb_muskip=\muskip13
\g_tmpa_muskip=\muskip14
\g_tmpb_muskip=\muskip15
\l_keys_choice_int=\count102
\c__fp_leading_shift_int=\count103
\c__fp_middle_shift_int=\count104
\c__fp_trailing_shift_int=\count105
\c__fp_big_leading_shift_int=\count106
\c__fp_big_middle_shift_int=\count107
\c__fp_big_trailing_shift_int=\count108
\c__fp_Bigg_leading_shift_int=\count109
\c__fp_Bigg_middle_shift_int=\count110
\c__fp_Bigg_trailing_shift_int=\count111
\l__sort_length_int=\count112
\l__sort_min_int=\count113
\l__sort_top_int=\count114
\l__sort_max_int=\count115
\l__sort_true_max_int=\count116
\l__sort_block_int=\count117
\l__sort_begin_int=\count118
\l__sort_end_int=\count119
\l__sort_A_int=\count120
\l__sort_B_int=\count121
\l__sort_C_int=\count122
\c_empty_box=\box26
\l_tmpa_box=\box27
\l_tmpb_box=\box28
\g_tmpa_box=\box29
\g_tmpb_box=\box30
\l__box_top_dim=\dimen121
\l__box_bottom_dim=\dimen122
\l__box_left_dim=\dimen123
\l__box_right_dim=\dimen124
\l__box_top_new_dim=\dimen125
\l__box_bottom_new_dim=\dimen126
\l__box_left_new_dim=\dimen127
\l__box_right_new_dim=\dimen128
\l__box_internal_box=\box31
\l__coffin_internal_box=\box32
\l__coffin_internal_dim=\dimen129
\l__coffin_offset_x_dim=\dimen130
\l__coffin_offset_y_dim=\dimen131
\l__coffin_x_dim=\dimen132
\l__coffin_y_dim=\dimen133
\l__coffin_x_prime_dim=\dimen134
\l__coffin_y_prime_dim=\dimen135
\c_empty_coffin=\box33
\l__coffin_aligned_coffin=\box34
\l__coffin_aligned_internal_coffin=\box35
\l_tmpa_coffin=\box36
\l_tmpb_coffin=\box37
\l__coffin_display_coffin=\box38
\l__coffin_display_coord_coffin=\box39
\l__coffin_display_pole_coffin=\box40
\l__coffin_display_offset_dim=\dimen136
\l__coffin_display_x_dim=\dimen137
\l__coffin_display_y_dim=\dimen138
\l__coffin_bounding_shift_dim=\dimen139
\l__coffin_left_corner_dim=\dimen140
\l__coffin_right_corner_dim=\dimen141
\l__coffin_bottom_corner_dim=\dimen142
\l__coffin_top_corner_dim=\dimen143
\l__coffin_scaled_total_height_dim=\dimen144
\l__coffin_scaled_width_dim=\dimen145
)
(c:/texlive/2017/texmf-dist/tex/latex/l3kernel/l3xdvipdfmx.def
File: l3xdvidpfmx.def 2017/03/18 v L3 Experimental driver: xdvipdfmx
\l__driver_tmp_box=\box41
))
(c:/texlive/2017/texmf-dist/tex/latex/l3packages/xparse/xparse.sty
Package: xparse 2017/05/13 L3 Experimental document command parser
\l__xparse_current_arg_int=\count123
\g__xparse_grabber_int=\count124
\l__xparse_m_args_int=\count125
\l__xparse_mandatory_args_int=\count126
\l__xparse_v_nesting_int=\count127
)
Package: fontspec 2017/03/31 v2.6a Font selection for XeLaTeX and LuaLaTeX

(c:/texlive/2017/texmf-dist/tex/latex/fontspec/fontspec-xetex.sty
Package: fontspec-xetex 2017/03/31 v2.6a Font selection for XeLaTeX and LuaLaTe
X
\l__fontspec_script_int=\count128
\l__fontspec_language_int=\count129
\l__fontspec_strnum_int=\count130
\l__fontspec_tmp_int=\count131
\l__fontspec_em_int=\count132
\l__fontspec_emdef_int=\count133
\l__fontspec_strong_int=\count134
\l__fontspec_strongdef_int=\count135
\l__fontspec_tmpa_dim=\dimen146
\l__fontspec_tmpb_dim=\dimen147
\l__fontspec_tmpc_dim=\dimen148
\g__file_internal_ior=\read1

(c:/texlive/2017/texmf-dist/tex/latex/base/fontenc.sty
Package: fontenc 2017/04/05 v2.0i Standard LaTeX package

(c:/texlive/2017/texmf-dist/tex/latex/base/tuenc.def
File: tuenc.def 2017/04/05 v2.0i Standard LaTeX file
LaTeX Font Info:    Redeclaring font encoding TU on input line 82.
))
.................................................
. LaTeX info: "xparse/define-command"
. 
. Defining command \fontspec with sig. 'O{}mO{}' on line 472.
.................................................
.................................................
. LaTeX info: "xparse/define-command"
. 
. Defining command \setmainfont with sig. 'O{}mO{}' on line 483.
.................................................
.................................................
. LaTeX info: "xparse/define-command"
. 
. Defining command \setsansfont with sig. 'O{}mO{}' on line 503.
.................................................
.................................................
. LaTeX info: "xparse/define-command"
. 
. Defining command \setmonofont with sig. 'O{}mO{}' on line 523.
.................................................
.................................................
. LaTeX info: "xparse/define-command"
. 
. Defining command \setromanfont with sig. 'O{}mO{}' on line 543.
.................................................
.................................................
. LaTeX info: "xparse/define-command"
. 
. Defining command \setmathrm with sig. 'O{}mO{}' on line 547.
.................................................
.................................................
. LaTeX info: "xparse/define-command"
. 
. Defining command \setboldmathrm with sig. 'O{}mO{}' on line 555.
.................................................
.................................................
. LaTeX info: "xparse/define-command"
. 
. Defining command \setmathsf with sig. 'O{}mO{}' on line 563.
.................................................
.................................................
. LaTeX info: "xparse/define-command"
. 
. Defining command \setmathtt with sig. 'O{}mO{}' on line 571.
.................................................
.................................................
. LaTeX info: "xparse/define-command"
. 
. Defining command \newfontfamily with sig. 'mO{}mO{}' on line 586.
.................................................
.................................................
. LaTeX info: "xparse/define-command"
. 
. Defining command \newfontface with sig. 'mO{}mO{}' on line 603.
.................................................
.................................................
. LaTeX info: "xparse/define-command"
. 
. Defining command \defaultfontfeatures with sig. 't+om' on line 614.
.................................................
.................................................
. LaTeX info: "xparse/define-command"
. 
. Defining command \addfontfeatures with sig. 'm' on line 645.
.................................................
.................................................
. LaTeX info: "xparse/define-command"
. 
. Defining command \newfontfeature with sig. 'mm' on line 672.
.................................................
.................................................
. LaTeX info: "xparse/define-command"
. 
. Defining command \newAATfeature with sig. 'mmmm' on line 686.
.................................................
.................................................
. LaTeX info: "xparse/define-command"
. 
. Defining command \newopentypefeature with sig. 'mmm' on line 700.
.................................................
.................................................
. LaTeX info: "xparse/define-command"
. 
. Defining command \newICUfeature with sig. 'mmm' on line 720.
.................................................
.................................................
. LaTeX info: "xparse/define-command"
. 
. Defining command \aliasfontfeature with sig. 'mm' on line 724.
.................................................
.................................................
. LaTeX info: "xparse/define-command"
. 
. Defining command \aliasfontfeatureoption with sig. 'mmm' on line 745.
.................................................
.................................................
. LaTeX info: "xparse/define-command"
. 
. Defining command \newfontscript with sig. 'mm' on line 778.
.................................................
.................................................
. LaTeX info: "xparse/define-command"
. 
. Defining command \newfontlanguage with sig. 'mm' on line 782.
.................................................
.................................................
. LaTeX info: "xparse/define-command"
. 
. Defining command \DeclareFontsExtensions with sig. 'm' on line 786.
.................................................
.................................................
. LaTeX info: "xparse/define-command"
. 
. Defining command \IfFontFeatureActiveTF with sig. 'mmm' on line 797.
.................................................
.................................................
. LaTeX info: "xparse/define-command"
. 
. Defining command \EncodingCommand with sig. 'mO{}m' on line 3438.
.................................................
.................................................
. LaTeX info: "xparse/define-command"
. 
. Defining command \EncodingAccent with sig. 'mm' on line 3444.
.................................................
.................................................
. LaTeX info: "xparse/define-command"
. 
. Defining command \EncodingSymbol with sig. 'mm' on line 3450.
.................................................
.................................................
. LaTeX info: "xparse/define-command"
. 
. Defining command \EncodingComposite with sig. 'mmm' on line 3456.
.................................................
.................................................
. LaTeX info: "xparse/define-command"
. 
. Defining command \EncodingCompositeCommand with sig. 'mmm' on line 3462.
.................................................
.................................................
. LaTeX info: "xparse/define-command"
. 
. Defining command \DeclareUnicodeEncoding with sig. 'mm' on line 3487.
.................................................
.................................................
. LaTeX info: "xparse/define-command"
. 
. Defining command \UndeclareSymbol with sig. 'm' on line 3493.
.................................................
.................................................
. LaTeX info: "xparse/define-command"
. 
. Defining command \UndeclareComposite with sig. 'mm' on line 3501.
.................................................

(c:/texlive/2017/texmf-dist/tex/latex/fontspec/fontspec.cfg)
LaTeX Info: Redefining \itshape on input line 3686.
LaTeX Info: Redefining \slshape on input line 3691.
LaTeX Info: Redefining \scshape on input line 3696.
LaTeX Info: Redefining \upshape on input line 3701.
LaTeX Info: Redefining \em on input line 3731.
LaTeX Info: Redefining \emph on input line 3756.
LaTeX Info: Redefining \- on input line 3807.
.................................................
. LaTeX info: "xparse/redefine-command"
. 
. Redefining command \oldstylenums with sig. 'm' on line 3902.
.................................................
.................................................
. LaTeX info: "xparse/define-command"
. 
. Defining command \liningnums with sig. 'm' on line 3906.
.................................................
))
(c:/texlive/2017/texmf-dist/tex/xelatex/xepersian/xepersian-persiancal.sty
Package: xepersian-persiancal 2012/07/25 v0.2 provides Persian calendar
\XePersian@i=\count136
\XePersian@y=\count137
\XePersian@m=\count138
\XePersian@d=\count139
\XePersian@latini=\count140
\XePersian@persiani=\count141
\XePersian@latinii=\count142
\XePersian@persianii=\count143
\XePersian@latiniii=\count144
\XePersian@persianiii=\count145
\XePersian@latiniv=\count146
\XePersian@persianiv=\count147
\XePersian@latinv=\count148
\XePersian@persianv=\count149
\XePersian@latinvi=\count150
\XePersian@persianvi=\count151
\XePersian@latinvii=\count152
\XePersian@persianvii=\count153
\XePersian@latinviii=\count154
\XePersian@persianviii=\count155
\XePersian@latinix=\count156
\XePersian@persianix=\count157
\XePersian@latinx=\count158
\XePersian@persianx=\count159
\XePersian@latinxi=\count160
\XePersian@persianxi=\count161
\XePersian@latinxii=\count162
\XePersian@persianxii=\count163
\XePersian@persianxiii=\count164
\XePersian@temp=\count165
\XePersian@temptwo=\count166
\XePersian@tempthree=\count167
\XePersian@yModHundred=\count168
\XePersian@thirtytwo=\count169
\XePersian@dn=\count170
\XePersian@sn=\count171
\XePersian@mminusone=\count172
)
(c:/texlive/2017/texmf-dist/tex/xelatex/xepersian/xepersian-mathsdigitspec.sty
Package: xepersian-mathsdigitspec 2016/05/03 v1.1.2 Unicode Persian maths digit
s in XeLaTeX
.................................................
. LaTeX info: "xparse/define-command"
. 
. Defining command \new@mathbf with sig. 'm' on line 132.
.................................................
.................................................
. LaTeX info: "xparse/define-command"
. 
. Defining command \new@mathit with sig. 'm' on line 140.
.................................................
.................................................
. LaTeX info: "xparse/define-command"
. 
. Defining command \new@mathrm with sig. 'm' on line 148.
.................................................
.................................................
. LaTeX info: "xparse/define-command"
. 
. Defining command \new@mathsf with sig. 'm' on line 156.
.................................................
.................................................
. LaTeX info: "xparse/define-command"
. 
. Defining command \new@mathtt with sig. 'm' on line 164.
.................................................
.................................................
. LaTeX info: "xparse/define-command"
. 
. Defining command \setdigitfont with sig. 'O{}mO{}' on line 190.
.................................................
.................................................
. LaTeX info: "xparse/define-command"
. 
. Defining command \setmathsfdigitfont with sig. 'O{}mO{}' on line 197.
.................................................
.................................................
. LaTeX info: "xparse/define-command"
. 
. Defining command \setmathttdigitfont with sig. 'O{}mO{}' on line 204.
.................................................
) (c:/texlive/2017/texmf-dist/tex/xelatex/bidi/bidi.sty
Package: bidi 2017/05/19 v30.6 Bidirectional typesetting in plain TeX and LaTeX


****************************************************
* 
* bidi package (Bidirectional typesetting in
* plain TeX and LaTeX, using XeTeX engine)
* 
* Description: A convenient interface for
* typesetting bidirectional texts in plain TeX
* and LaTeX. The package includes adaptations
* for use with many other commonly-used packages.
* 
* Copyright (c) 2009--2017 Vafa Khalighi
* 
* 2017/05/19, v30.6
* 
* License: LaTeX Project Public License, version
* 1.3c or higher (your choice)
* 
* Location on CTAN: /macros/xetex/latex/bidi
* 
* Issue tracker: https://github.com/tex-xet/bidi/issues
* 
* Support: persian-tex@tug.org
* 
* Instagram: https://www.instagram.com/persiantex
* 
****************************************************
(c:/texlive/2017/texmf-dist/tex/generic/iftex/iftex.sty
Package: iftex 2013/04/04 v0.2 Provides if(tex) conditional for PDFTeX, XeTeX, 
and LuaTeX
)
(c:/texlive/2017/texmf-dist/tex/xelatex/bidi/biditools.sty
Package: biditools 2016/11/30 v0.9 Programming tools for bidi package
\@bidi@envbody=\toks18
\@bidi@emptytoks=\toks19
)
(c:/texlive/2017/texmf-dist/tex/latex/oberdiek/zref-abspage.sty
Package: zref-abspage 2016/05/21 v2.26 Module abspage for zref (HO)

(c:/texlive/2017/texmf-dist/tex/latex/oberdiek/zref-base.sty
Package: zref-base 2016/05/21 v2.26 Module base for zref (HO)

(c:/texlive/2017/texmf-dist/tex/generic/oberdiek/ltxcmds.sty
Package: ltxcmds 2016/05/16 v1.23 LaTeX kernel commands for general use (HO)
)
(c:/texlive/2017/texmf-dist/tex/generic/oberdiek/infwarerr.sty
Package: infwarerr 2016/05/16 v1.4 Providing info/warning/error messages (HO)
)
(c:/texlive/2017/texmf-dist/tex/generic/oberdiek/kvsetkeys.sty
Package: kvsetkeys 2016/05/16 v1.17 Key value parser (HO)

(c:/texlive/2017/texmf-dist/tex/generic/oberdiek/etexcmds.sty
Package: etexcmds 2016/05/16 v1.6 Avoid name clashes with e-TeX commands (HO)

(c:/texlive/2017/texmf-dist/tex/generic/oberdiek/ifluatex.sty
Package: ifluatex 2016/05/16 v1.4 Provides the ifluatex switch (HO)
Package ifluatex Info: LuaTeX not detected.
)
Package etexcmds Info: Could not find \expanded.
(etexcmds)             That can mean that you are not using pdfTeX 1.50 or
(etexcmds)             that some package has redefined \expanded.
(etexcmds)             In the latter case, load this package earlier.
))
(c:/texlive/2017/texmf-dist/tex/generic/oberdiek/kvdefinekeys.sty
Package: kvdefinekeys 2016/05/16 v1.4 Define keys (HO)
)
(c:/texlive/2017/texmf-dist/tex/generic/oberdiek/pdftexcmds.sty
Package: pdftexcmds 2017/03/19 v0.25 Utility functions of pdfTeX for LuaTeX (HO
)
Package pdftexcmds Info: LuaTeX not detected.
Package pdftexcmds Info: pdfTeX >= 1.30 not detected.
Package pdftexcmds Info: \pdf@primitive is available.
Package pdftexcmds Info: \pdf@ifprimitive is available.
Package pdftexcmds Info: \pdfdraftmode not found.
)
(c:/texlive/2017/texmf-dist/tex/latex/oberdiek/auxhook.sty
Package: auxhook 2016/05/16 v1.4 Hooks for auxiliary files (HO)
)
Package zref Info: New property list: main on input line 759.
Package zref Info: New property: default on input line 760.
Package zref Info: New property: page on input line 761.
)
(c:/texlive/2017/texmf-dist/tex/generic/oberdiek/atbegshi.sty
Package: atbegshi 2016/06/09 v1.18 At begin shipout hook (HO)
)
\c@abspage=\count173
Package zref Info: New property: abspage on input line 62.
)
(c:/texlive/2017/texmf-dist/tex/latex/xkeyval/xkeyval.sty
Package: xkeyval 2014/12/03 v2.7a package option processing (HA)

(c:/texlive/2017/texmf-dist/tex/generic/xkeyval/xkeyval.tex
(c:/texlive/2017/texmf-dist/tex/generic/xkeyval/xkvutils.tex
\XKV@toks=\toks20
\XKV@tempa@toks=\toks21
)
\XKV@depth=\count174
File: xkeyval.tex 2014/12/03 v2.7a key=value parser (HA)
))
(c:/texlive/2017/texmf-dist/tex/xelatex/bidi/latex-xetex-bidi.def
File: latex-xetex-bidi.def 2017/05/06 v1.2.9 bidi adaptations for `latex.ltx' f
or XeTeX engine
\bidi@n@everypar=\toks22
\bidi@column@check@number=\count175

(c:/texlive/2017/texmf-dist/tex/xelatex/bidi/footnote-xetex-bidi.def
File: footnote-xetex-bidi.def 2016/09/09 v1.0 bidi footnote macros for XeTeX en
gine
\c@footdir@label=\count176
\footdir@toks=\toks23
)
(c:/texlive/2017/texmf-dist/tex/xelatex/bidi/article-xetex-bidi.def
File: article-xetex-bidi.def 2015/11/14 v0.5 bidi adaptations for standard arti
cle class for XeTeX engine
)
(c:/texlive/2017/texmf-dist/tex/xelatex/bidi/color-xetex-bidi.def
File: color-xetex-bidi.def 2013/04/08 v0.2 bidi adaptations for color package f
or XeTeX engine
LaTeX Info: Redefining \color on input line 46.
)
(c:/texlive/2017/texmf-dist/tex/xelatex/bidi/xcolor-xetex-bidi.def
File: xcolor-xetex-bidi.def 2013/04/08 v0.2 bidi adaptations for xcolor package
 for XeTeX engine
LaTeX Info: Redefining \color on input line 45.
LaTeX Info: Redefining \bidicolor on input line 88.
)
(c:/texlive/2017/texmf-dist/tex/xelatex/bidi/colortbl-xetex-bidi.def
File: colortbl-xetex-bidi.def 2012/06/10 v0.2 bidi adaptations for colortbl pac
kage for XeTeX engine
)
(c:/texlive/2017/texmf-dist/tex/xelatex/bidi/graphicx-xetex-bidi.def
File: graphicx-xetex-bidi.def 2012/01/01 v0.4 bidi adaptations for graphicx pac
kage for XeTeX engine
)
(c:/texlive/2017/texmf-dist/tex/xelatex/bidi/geometry-xetex-bidi.def
File: geometry-xetex-bidi.def 2017/01/14 v0.2 bidi adaptations for geometry pac
kage for XeTeX engine
)
(c:/texlive/2017/texmf-dist/tex/xelatex/bidi/fancyhdr-xetex-bidi.def
File: fancyhdr-xetex-bidi.def 2016/11/30 v0.6 bidi adaptations for fancyhdr pac
kage for XeTeX engine
)
(c:/texlive/2017/texmf-dist/tex/xelatex/bidi/array-xetex-bidi.def
File: array-xetex-bidi.def 2015/11/07 v0.3 bidi adaptations for array package f
or XeTeX engine
))
(c:/texlive/2017/texmf-dist/tex/xelatex/bidi/loadingorder-xetex-bidi.def
File: loadingorder-xetex-bidi.def 2015/10/16 v0.96 making sure that bidi is the
 last package loaded
)
\bidi@digits=\count177
\bidi@digits@charclass=\XeTeXcharclass1
\bidi@dot@charclass=\XeTeXcharclass2
\bidi@dash@charclass=\XeTeXcharclass3
)
****************************************************
* 
* xepersian package (Persian for LaTeX, using XeTeX engine)
* 
* Description: The package supports Persian
* typesetting, using fonts provided in the
* distribution.
* 
* Copyright (c) 2008--2017 Vafa Khalighi
* 
* v18.6, 2017/05/06
* 
* License: LaTeX Project Public License, version
* 1.3c or higher (your choice)
* 
* Location on CTAN: /macros/xetex/latex/xepersian
* 
* Issue tracker: https://github.com/tex-xet/xepersian/issues
* 
* Support: persian-tex@tug.org
* 
* Instagram: https://www.instagram.com/persiantex
****************************************************
.................................................
. LaTeX info: "xparse/define-command"
. 
. Defining command \settextfont with sig. 'O{}mO{}' on line 137.
.................................................
.................................................
. LaTeX info: "xparse/define-command"
. 
. Defining command \setlatintextfont with sig. 'O{}mO{}' on line 153.
.................................................
.................................................
. LaTeX info: "xparse/define-command"
. 
. Defining command \defpersianfont with sig. 'mO{}mO{}' on line 170.
.................................................
.................................................
. LaTeX info: "xparse/define-command"
. 
. Defining command \deflatinfont with sig. 'mO{}mO{}' on line 184.
.................................................
.................................................
. LaTeX info: "xparse/define-command"
. 
. Defining command \setpersiansansfont with sig. 'O{}mO{}' on line 232.
.................................................
.................................................
. LaTeX info: "xparse/define-command"
. 
. Defining command \setpersianmonofont with sig. 'O{}mO{}' on line 249.
.................................................
.................................................
. LaTeX info: "xparse/define-command"
. 
. Defining command \setnavarfont with sig. 'O{}mO{}' on line 266.
.................................................
.................................................
. LaTeX info: "xparse/define-command"
. 
. Defining command \setpookfont with sig. 'O{}mO{}' on line 283.
.................................................
.................................................
. LaTeX info: "xparse/define-command"
. 
. Defining command \setsayehfont with sig. 'O{}mO{}' on line 300.
.................................................
.................................................
. LaTeX info: "xparse/define-command"
. 
. Defining command \setiranicfont with sig. 'O{}mO{}' on line 317.
.................................................
\xepersian@tcl=\count178
\xepersian@ilg=\dimen149
\xepersian@strutilg=\dimen150
(c:/texlive/2017/texmf-dist/tex/xelatex/xepersian/loadingorder-xepersian.def
File: loadingorder-xepersian.def 2012/01/01 v0.3 making sure that xepersian is 
the last package loaded
)
(c:/texlive/2017/texmf-dist/tex/xelatex/xepersian/footnote-xepersian.def
File: footnote-xepersian.def 2017/02/04 v0.5 footnote macros for xepersian pack
age
)
(c:/texlive/2017/texmf-dist/tex/xelatex/xepersian/article-xepersian.def
File: article-xepersian.def 2010/07/25 v0.2 adaptations for standard article cl
ass
)
\g__fontspec_family_lmroman10-regular_int=\count179
.................................................
. fontspec info: "defining-font"
. 
. Font family 'lmroman10-regular(0)' created for font 'lmroman10-regular' with
. options
. [Mapping=tex-text,ExternalLocation,BoldFont={lmroman10-bold},BoldItalicFont={
lmroman10-bolditalic},ItalicFont={lmroman10-italic},SmallCapsFont={lmromancaps1
0-regular},SlantedFont={lmromanslant10-regular},BoldSlantedFont={lmromanslant10
-bold}].
.  
.  This font family consists of the following NFSS series/shapes:
.  
. - 'normal' (m/n) with NFSS spec.:
. <->"[lmroman10-regular]/OT:script=latn;language=DFLT;mapping=tex-text;"
. - 'small caps'  (m/sc) with NFSS spec.:
. <->"[lmromancaps10-regular]/OT:script=latn;language=DFLT;mapping=tex-text;"
. - 'bold' (bx/n) with NFSS spec.:
. <->"[lmroman10-bold]/OT:script=latn;language=DFLT;mapping=tex-text;"
. - 'bold small caps'  (bx/sc) with NFSS spec.:
. <->"[lmromancaps10-regular]/OT:script=latn;language=DFLT;mapping=tex-text;"
. - 'italic' (m/it) with NFSS spec.:
. <->"[lmroman10-italic]/OT:script=latn;language=DFLT;mapping=tex-text;"
. - 'italic small caps'  (m/itsc) with NFSS spec.:
. <->"[lmromancaps10-regular]/OT:script=latn;language=DFLT;mapping=tex-text;"
. - 'slanted' (m/sl) with NFSS spec.:
. <->"[lmromanslant10-regular]/OT:script=latn;language=DFLT;mapping=tex-text;"
. - 'slanted small caps'  (m/slsc) with NFSS spec.:
. <->"[lmromancaps10-regular]/OT:script=latn;language=DFLT;mapping=tex-text;"
. - 'bold italic' (bx/it) with NFSS spec.:
. <->"[lmroman10-bolditalic]/OT:script=latn;language=DFLT;mapping=tex-text;"
. - 'bold italic small caps'  (bx/itsc) with NFSS spec.:
. <->"[lmromancaps10-regular]/OT:script=latn;language=DFLT;mapping=tex-text;"
. - 'bold slanted' (bx/sl) with NFSS spec.:
. <->"[lmromanslant10-bold]/OT:script=latn;language=DFLT;mapping=tex-text;"
. - 'bold slanted small caps'  (bx/slsc) with NFSS spec.:
. <->"[lmromancaps10-regular]/OT:script=latn;language=DFLT;mapping=tex-text;"
.................................................
)
\g__fontspec_family_TimesNewRoman_int=\count180
.................................................
. fontspec info: "defining-font"
. 
. Font family 'TimesNewRoman(0)' created for font 'Times New Roman' with
. options [Mapping=tex-text].
.  
.  This font family consists of the following NFSS series/shapes:
.  
. - 'normal' (m/n) with NFSS spec.: <->"Times New
. Roman/OT:script=latn;language=DFLT;mapping=tex-text;"
. - 'small caps'  (m/sc) with NFSS spec.: <->"Times New
. Roman/OT:script=latn;language=DFLT;+smcp;mapping=tex-text;"
. - 'bold' (bx/n) with NFSS spec.: <->"Times New
. Roman/B/OT:script=latn;language=DFLT;mapping=tex-text;"
. - 'bold small caps'  (bx/sc) with NFSS spec.: <->"Times New
. Roman/B/OT:script=latn;language=DFLT;+smcp;mapping=tex-text;"
. - 'italic' (m/it) with NFSS spec.: <->"Times New
. Roman/I/OT:script=latn;language=DFLT;mapping=tex-text;"
. - 'italic small caps'  (m/itsc) with NFSS spec.: <->"Times New
. Roman/I/OT:script=latn;language=DFLT;+smcp;mapping=tex-text;"
. - 'bold italic' (bx/it) with NFSS spec.: <->"Times New
. Roman/BI/OT:script=latn;language=DFLT;mapping=tex-text;"
. - 'bold italic small caps'  (bx/itsc) with NFSS spec.: <->"Times New
. Roman/BI/OT:script=latn;language=DFLT;+smcp;mapping=tex-text;"
.................................................
LaTeX Info: Redefining \latinfont on input line 11.
\g__fontspec_family_Arial_int=\count181
.................................................
. fontspec info: "defining-font"
. 
. Font family 'Arial(0)' created for font 'Arial' with options
. [Mapping=tex-text].
.  
.  This font family consists of the following NFSS series/shapes:
.  
. - 'normal' (m/n) with NFSS spec.:
. <->"Arial/OT:script=latn;language=DFLT;mapping=tex-text;"
. - 'small caps'  (m/sc) with NFSS spec.:
. <->"Arial/OT:script=latn;language=DFLT;+smcp;mapping=tex-text;"
. - 'bold' (bx/n) with NFSS spec.:
. <->"Arial/B/OT:script=latn;language=DFLT;mapping=tex-text;"
. - 'bold small caps'  (bx/sc) with NFSS spec.:
. <->"Arial/B/OT:script=latn;language=DFLT;+smcp;mapping=tex-text;"
. - 'italic' (m/it) with NFSS spec.:
. <->"Arial/I/OT:script=latn;language=DFLT;mapping=tex-text;"
. - 'italic small caps'  (m/itsc) with NFSS spec.:
. <->"Arial/I/OT:script=latn;language=DFLT;+smcp;mapping=tex-text;"
. - 'bold italic' (bx/it) with NFSS spec.:
. <->"Arial/BI/OT:script=latn;language=DFLT;mapping=tex-text;"
. - 'bold italic small caps'  (bx/itsc) with NFSS spec.:
. <->"Arial/BI/OT:script=latn;language=DFLT;+smcp;mapping=tex-text;"
.................................................
LaTeX Info: Redefining \latinfont on input line 12.
\g__fontspec_family_XBNiloofar_int=\count182
.................................................
. fontspec info: "defining-font"
. 
. Font family 'XBNiloofar(0)' created for font 'XB Niloofar' with options
. [Script=Parsi,Language=Parsi,Mapping=parsidigits].
.  
.  This font family consists of the following NFSS series/shapes:
.  
. - 'normal' (m/n) with NFSS spec.: <->"XB
. Niloofar/OT:script=arab;language=FAR;mapping=parsidigits;"
. - 'small caps'  (m/sc) with NFSS spec.: 
. - 'bold' (bx/n) with NFSS spec.: <->"XB
. Niloofar/B/OT:script=arab;language=FAR;mapping=parsidigits;"
. - 'bold small caps'  (bx/sc) with NFSS spec.: 
. - 'italic' (m/it) with NFSS spec.: <->"XB
. Niloofar/I/OT:script=arab;language=FAR;mapping=parsidigits;"
. - 'italic small caps'  (m/itsc) with NFSS spec.: 
. - 'bold italic' (bx/it) with NFSS spec.: <->"XB
. Niloofar/BI/OT:script=arab;language=FAR;mapping=parsidigits;"
. - 'bold italic small caps'  (bx/itsc) with NFSS spec.: 
.................................................

(./sample.aux)
\openout1 = `sample.aux'.

LaTeX Font Info:    Checking defaults for OML/cmm/m/it on input line 14.
LaTeX Font Info:    ... okay on input line 14.
LaTeX Font Info:    Checking defaults for T1/cmr/m/n on input line 14.
LaTeX Font Info:    ... okay on input line 14.
LaTeX Font Info:    Checking defaults for OT1/cmr/m/n on input line 14.
LaTeX Font Info:    ... okay on input line 14.
LaTeX Font Info:    Checking defaults for OMS/cmsy/m/n on input line 14.
LaTeX Font Info:    ... okay on input line 14.
LaTeX Font Info:    Checking defaults for TU/lmr/m/n on input line 14.
LaTeX Font Info:    ... okay on input line 14.
LaTeX Font Info:    Checking defaults for OMX/cmex/m/n on input line 14.
LaTeX Font Info:    ... okay on input line 14.
LaTeX Font Info:    Checking defaults for U/cmr/m/n on input line 14.
LaTeX Font Info:    ... okay on input line 14.

*geometry* driver: auto-detecting
*geometry* detected driver: xetex
*geometry* verbose mode - [ preamble ] result:
* driver: xetex
* paper: a4paper
* layout: <same size as paper>
* layoutoffset:(h,v)=(0.0pt,0.0pt)
* modes: 
* h-part:(L,W,R)=(89.62709pt, 418.25368pt, 89.6271pt)
* v-part:(T,H,B)=(101.40665pt, 591.5302pt, 152.11pt)
* \paperwidth=597.50787pt
* \paperheight=845.04684pt
* \textwidth=418.25368pt
* \textheight=591.5302pt
* \oddsidemargin=17.3571pt
* \evensidemargin=17.3571pt
* \topmargin=-7.86334pt
* \headheight=30.0pt
* \headsep=25.0pt
* \topskip=12.0pt
* \footskip=30.0pt
* \marginparwidth=35.0pt
* \marginparsep=10.0pt
* \columnsep=10.0pt
* \skip\footins=10.8pt plus 4.0pt minus 2.0pt
* \hoffset=0.0pt
* \voffset=0.0pt
* \mag=1000
* \@twocolumnfalse
* \@twosidefalse
* \@mparswitchfalse
* \@reversemarginfalse
* (1in=72.27pt=25.4mm, 1cm=28.453pt)

\AtBeginShipoutBox=\box42
LaTeX Font Info:    External font `cmex10' loaded for size
(Font)              <12> on input line 21.
LaTeX Font Info:    External font `cmex10' loaded for size
(Font)              <8> on input line 21.
LaTeX Font Info:    External font `cmex10' loaded for size
(Font)              <6> on input line 21.
File: iran.png Graphic file (type QTm)
<use  "iran.png" >
File: iran.png Graphic file (type QTm)
 <use  "iran.png" >

Package Fancyhdr Warning: \headheight is too small (30.0pt): 
 Make it at least 44.5035pt.
 We now make it that large for the rest of the document.
 This may cause the page layout to be inconsistent, however.

[1

] (./sample.aux) ) 
Here is how much of TeX's memory you used:
 13087 strings out of 493005
 277089 string characters out of 6137956
 385556 words of memory out of 5000000
 16867 multiletter control sequences out of 15000+600000
 6616 words of font info for 53 fonts, out of 8000000 for 9000
 1348 hyphenation exceptions out of 8191
 60i,16n,68p,10475b,383s stack positions out of 5000i,500n,10000p,200000b,80000s

Output written on sample.pdf (1 page).
